[2025-11-24 16:18:30] EVENT ADDED: E-01
[2025-11-24 16:19:23] MEMBER ADDED: 1
[2025-11-24 16:21:14] MEMBER DELETED: 1
[2025-11-24 16:21:38] MEMBER ADDED: 01
[2025-11-24 16:23:30] MEMBER ADDED: M-01
[2025-11-24 16:23:57] REGISTERED: M-01 -> E-01
[2025-11-24 19:26:18] EVENT DELETED: E-01
[2025-11-24 19:27:10] EVENT ADDED: E-001
[2025-11-24 19:29:19] MEMBER ADDED: F-01
[2025-11-24 19:29:48] MEMBER DELETED: 01
[2025-11-24 19:31:01] REGISTERED: F-01 -> E-001
[2025-11-24 19:31:25] REGISTERED: M-01 -> E-001
[2025-11-24 21:37:01] MEMBER ADDED: 1
[2025-11-24 21:41:12] EVENT ADDED: 12345
[2025-11-25 00:12:40] MEMBER DELETED: 1
[2025-11-25 00:13:41] EVENT DELETED: 1234
[2025-11-25 00:15:14] MEMBER ADDED: M-02
[2025-11-25 00:15:27] MEMBER DELETED: M-02
[2025-11-25 00:16:33] MEMBER ADDED: M-02
[2025-11-25 00:40:49] MEMBER ADDED: M-03
[2025-11-25 00:41:18] MEMBER ADDED: dd
[2025-11-25 00:41:27] MEMBER DELETED: dd
[2025-11-25 00:42:37] EVENT ADDED: E-002
[2025-11-25 00:43:44] EVENT DELETED: E-002
[2025-11-25 00:44:02] EVENT DELETED: 12345
[2025-11-25 00:47:22] REGISTERED: M-03 -> E-001
[2025-11-25 00:49:44] REGISTERED: M-02 -> E-001
[2025-11-25 00:50:30] MEMBER ADDED: 2
[2025-11-25 15:35:47] MEMBER UPDATED: M-02
[2025-11-25 15:37:34] MEMBER UPDATED: M-02
[2025-11-25 15:38:11] MEMBER UPDATED: M-02
[2025-11-25 16:03:27] EVENT DELETED: E-001
[2025-11-25 16:04:20] EVENT ADDED: E-01
[2025-11-25 16:13:40] EVENTS UPDATED: ID E-01
[2025-11-25 16:14:42] MEMBER ADDED: M-01
[2025-11-25 16:15:17] MEMBER ADDED: e
[2025-11-25 16:15:34] MEMBERS UPDATED: ID e
[2025-11-25 16:15:43] MEMBER DELETED: e
[2025-11-25 16:16:12] EVENT ADDED: w
[2025-11-25 16:16:19] EVENT DELETED: w
[2025-11-25 16:17:26] REGISTERED: M-01 -> E-01
[2025-11-27 00:26:26] EVENT ADDED: E-02
[2025-11-27 00:27:31] EVENTS UPDATED: ID E-02
[2025-11-27 00:28:47] EVENT DELETED: E-02
[2025-11-27 00:30:19] MEMBER ADDED: M-02
[2025-11-27 00:30:59] MEMBER ADDED: F-01
[2025-11-27 00:32:02] REGISTERED: M-02 -> E-01
[2025-11-27 00:32:21] REGISTERED: F-01 -> E-01
